C:\Program Files\Microsoft Visual Studio\2022\Community\MSBuild\Microsoft\VC\v170\Microsoft.CppBuild.targets(534,5): warning MSB8028: The intermediate directory (x64\Release\) contains files shared from another project (CplusplusGame.vcxproj).  This can lead to incorrect clean and rebuild behavior.
  platform.cpp
C:\Users\joshu\source\repos\Network Game Project\CplusplusGamewServer\render.cpp(9,21): warning C4018: '<': signed/unsigned mismatch
C:\Users\joshu\source\repos\Network Game Project\CplusplusGamewServer\render.cpp(13,22): warning C4018: '<': signed/unsigned mismatch
C:\Users\joshu\source\repos\Network Game Project\CplusplusGamewServer\render.cpp(31,9): warning C4244: 'initializing': conversion from 'float' to 'int', possible loss of data
C:\Users\joshu\source\repos\Network Game Project\CplusplusGamewServer\render.cpp(32,9): warning C4244: 'initializing': conversion from 'float' to 'int', possible loss of data
C:\Users\joshu\source\repos\Network Game Project\CplusplusGamewServer\render.cpp(33,9): warning C4244: 'initializing': conversion from 'float' to 'int', possible loss of data
C:\Users\joshu\source\repos\Network Game Project\CplusplusGamewServer\render.cpp(34,9): warning C4244: 'initializing': conversion from 'float' to 'int', possible loss of data
C:\Users\joshu\source\repos\Network Game Project\CplusplusGamewServer\game.cpp(39,15): error C2182: 'run_game': this use of 'void' is not valid
C:\Users\joshu\source\repos\Network Game Project\CplusplusGamewServer\game.cpp(39,24): error C2065: 'Input': undeclared identifier
C:\Users\joshu\source\repos\Network Game Project\CplusplusGamewServer\game.cpp(39,31): error C2065: 'input': undeclared identifier
C:\Users\joshu\source\repos\Network Game Project\CplusplusGamewServer\game.cpp(39,38): error C2062: type 'float' unexpected
C:\Users\joshu\source\repos\Network Game Project\CplusplusGamewServer\game.cpp(40,1): error C2143: syntax error: missing ';' before '{'
C:\Users\joshu\source\repos\Network Game Project\CplusplusGamewServer\game.cpp(40,1): error C2447: '{': missing function header (old-style formal list?)
C:\Users\joshu\source\repos\Network Game Project\CplusplusGamewServer\game.cpp(57,15): error C2182: 'run_server': this use of 'void' is not valid
C:\Users\joshu\source\repos\Network Game Project\CplusplusGamewServer\game.cpp(57,26): error C2065: 'Input': undeclared identifier
C:\Users\joshu\source\repos\Network Game Project\CplusplusGamewServer\game.cpp(57,33): error C2065: 'input': undeclared identifier
C:\Users\joshu\source\repos\Network Game Project\CplusplusGamewServer\game.cpp(57,40): error C2062: type 'float' unexpected
C:\Users\joshu\source\repos\Network Game Project\CplusplusGamewServer\game.cpp(58,1): error C2143: syntax error: missing ';' before '{'
C:\Users\joshu\source\repos\Network Game Project\CplusplusGamewServer\game.cpp(58,1): error C2447: '{': missing function header (old-style formal list?)
C:\Users\joshu\source\repos\Network Game Project\CplusplusGamewServer\platform.cpp(96,23): error C2065: 'BUTTON_COUNT': undeclared identifier
C:\Users\joshu\source\repos\Network Game Project\CplusplusGamewServer\platform.cpp(98,4): error C2065: 'input': undeclared identifier
C:\Users\joshu\source\repos\Network Game Project\CplusplusGamewServer\platform.cpp(125,13): error C2065: 'input': undeclared identifier
C:\Users\joshu\source\repos\Network Game Project\CplusplusGamewServer\platform.cpp(126,15): error C2065: 'input': undeclared identifier
