  platform.cpp
C:\Users\joshu\source\repos\Network Game Project\CplusplusGamewServer\render.cpp(37,21): warning C4018: '<': signed/unsigned mismatch
C:\Users\joshu\source\repos\Network Game Project\CplusplusGamewServer\render.cpp(41,22): warning C4018: '<': signed/unsigned mismatch
C:\Users\joshu\source\repos\Network Game Project\CplusplusGamewServer\render.cpp(53,53): warning C4244: 'argument': conversion from 'float' to 'u_int', possible loss of data
C:\Users\joshu\source\repos\Network Game Project\CplusplusGamewServer\render.cpp(53,44): warning C4244: 'argument': conversion from 'float' to 'u_int', possible loss of data
C:\Users\joshu\source\repos\Network Game Project\CplusplusGamewServer\render.cpp(53,35): warning C4244: 'argument': conversion from 'float' to 'u_int', possible loss of data
C:\Users\joshu\source\repos\Network Game Project\CplusplusGamewServer\render.cpp(53,26): warning C4244: 'argument': conversion from 'float' to 'u_int', possible loss of data
C:\Users\joshu\source\repos\Network Game Project\CplusplusGamewServer\render.cpp(69,61): warning C4244: 'argument': conversion from 'float' to 'u_int', possible loss of data
C:\Users\joshu\source\repos\Network Game Project\CplusplusGamewServer\render.cpp(69,47): warning C4244: 'argument': conversion from 'float' to 'u_int', possible loss of data
C:\Users\joshu\source\repos\Network Game Project\CplusplusGamewServer\render.cpp(69,42): warning C4244: 'argument': conversion from 'float' to 'u_int', possible loss of data
C:\Users\joshu\source\repos\Network Game Project\CplusplusGamewServer\render.cpp(69,24): warning C4244: 'argument': conversion from 'float' to 'u_int', possible loss of data
C:\Users\joshu\source\repos\Network Game Project\CplusplusGamewServer\render.cpp(70,66): warning C4244: 'argument': conversion from 'float' to 'u_int', possible loss of data
C:\Users\joshu\source\repos\Network Game Project\CplusplusGamewServer\render.cpp(70,48): warning C4244: 'argument': conversion from 'float' to 'u_int', possible loss of data
C:\Users\joshu\source\repos\Network Game Project\CplusplusGamewServer\render.cpp(70,38): warning C4244: 'argument': conversion from 'float' to 'u_int', possible loss of data
C:\Users\joshu\source\repos\Network Game Project\CplusplusGamewServer\render.cpp(70,24): warning C4244: 'argument': conversion from 'float' to 'u_int', possible loss of data
C:\Users\joshu\source\repos\Network Game Project\CplusplusGamewServer\render.cpp(74,61): warning C4244: 'argument': conversion from 'float' to 'u_int', possible loss of data
C:\Users\joshu\source\repos\Network Game Project\CplusplusGamewServer\render.cpp(74,47): warning C4244: 'argument': conversion from 'float' to 'u_int', possible loss of data
C:\Users\joshu\source\repos\Network Game Project\CplusplusGamewServer\render.cpp(74,42): warning C4244: 'argument': conversion from 'float' to 'u_int', possible loss of data
C:\Users\joshu\source\repos\Network Game Project\CplusplusGamewServer\render.cpp(74,24): warning C4244: 'argument': conversion from 'float' to 'u_int', possible loss of data
C:\Users\joshu\source\repos\Network Game Project\CplusplusGamewServer\render.cpp(76,66): warning C4244: 'argument': conversion from 'float' to 'u_int', possible loss of data
C:\Users\joshu\source\repos\Network Game Project\CplusplusGamewServer\render.cpp(76,48): warning C4244: 'argument': conversion from 'float' to 'u_int', possible loss of data
C:\Users\joshu\source\repos\Network Game Project\CplusplusGamewServer\render.cpp(76,38): warning C4244: 'argument': conversion from 'float' to 'u_int', possible loss of data
C:\Users\joshu\source\repos\Network Game Project\CplusplusGamewServer\render.cpp(76,24): warning C4244: 'argument': conversion from 'float' to 'u_int', possible loss of data
C:\Users\joshu\source\repos\Network Game Project\CplusplusGamewServer\platform.cpp(101,9): warning C4101: 'received': unreferenced local variable
C:\Users\joshu\source\repos\Network Game Project\CplusplusGamewServer\platform.cpp(451,11): warning C4101: 'p1': unreferenced local variable
  CplusplusGame.vcxproj -> C:\Users\joshu\source\repos\Network Game Project\CplusplusGamewServer\x64\Debug\CplusplusGamewServer.exe
